0 info it worked if it ends with ok
1 verbose cli [ '/home/cyberbeast/.nvm/versions/node/v6.2.0/bin/node',
1 verbose cli   '/home/cyberbeast/.nvm/versions/node/v6.2.0/bin/npm',
1 verbose cli   'start' ]
2 info using npm@3.8.9
3 info using node@v6.2.0
4 verbose stack Error: missing script: start
4 verbose stack     at run (/home/cyberbeast/.nvm/versions/node/v6.2.0/lib/node_modules/npm/lib/run-script.js:150:19)
4 verbose stack     at /home/cyberbeast/.nvm/versions/node/v6.2.0/lib/node_modules/npm/lib/run-script.js:60:5
4 verbose stack     at /home/cyberbeast/.nvm/versions/node/v6.2.0/lib/node_modules/npm/node_modules/read-package-json/read-json.js:356:5
4 verbose stack     at checkBinReferences_ (/home/cyberbeast/.nvm/versions/node/v6.2.0/lib/node_modules/npm/node_modules/read-package-json/read-json.js:320:45)
4 verbose stack     at final (/home/cyberbeast/.nvm/versions/node/v6.2.0/lib/node_modules/npm/node_modules/read-package-json/read-json.js:354:3)
4 verbose stack     at then (/home/cyberbeast/.nvm/versions/node/v6.2.0/lib/node_modules/npm/node_modules/read-package-json/read-json.js:124:5)
4 verbose stack     at ReadFileContext.<anonymous> (/home/cyberbeast/.nvm/versions/node/v6.2.0/lib/node_modules/npm/node_modules/read-package-json/read-json.js:295:20)
4 verbose stack     at ReadFileContext.callback (/home/cyberbeast/.nvm/versions/node/v6.2.0/lib/node_modules/npm/node_modules/graceful-fs/graceful-fs.js:78:16)
4 verbose stack     at FSReqWrap.readFileAfterOpen [as oncomplete] (fs.js:359:13)
5 verbose cwd /home/cyberbeast/Documents/pinkhelium/plutonium-emerald/server
6 error Linux 3.19.0-39-generic
7 error argv "/home/cyberbeast/.nvm/versions/node/v6.2.0/bin/node" "/home/cyberbeast/.nvm/versions/node/v6.2.0/bin/npm" "start"
8 error node v6.2.0
9 error npm  v3.8.9
10 error missing script: start
11 error If you need help, you may report this error at:
11 error     <https://github.com/npm/npm/issues>
12 verbose exit [ 1, true ]
